[debug] [2022-08-17T14:30:25.375Z] ----------------------------------------------------------------------
[debug] [2022-08-17T14:30:25.376Z] Command:       C:\Program Files\nodejs\node.exe C:\Users\17813\AppData\Roaming\npm\node_modules\firebase-tools\lib\bin\firebase.js init
[debug] [2022-08-17T14:30:25.376Z] CLI Version:   11.7.0
[debug] [2022-08-17T14:30:25.377Z] Platform:      win32
[debug] [2022-08-17T14:30:25.377Z] Node Version:  v16.15.1
[debug] [2022-08-17T14:30:25.377Z] Time:          Wed Aug 17 2022 10:30:25 GMT-0400 (Eastern Daylight Time)
[debug] [2022-08-17T14:30:25.377Z] ----------------------------------------------------------------------
[debug] 
[debug] [2022-08-17T14:30:25.419Z] > command requires scopes: ["email","openid","https://www.googleapis.com/auth/cloudplatformprojects.readonly","https://www.googleapis.com/auth/firebase","https://www.googleapis.com/auth/cloud-platform"]
[debug] [2022-08-17T14:30:25.419Z] > authorizing via signed-in user (robsanif@gmail.com)
[info] 
     ######## #### ########  ######## ########     ###     ######  ########
     ##        ##  ##     ## ##       ##     ##  ##   ##  ##       ##
     ######    ##  ########  ######   ########  #########  ######  ######
     ##        ##  ##    ##  ##       ##     ## ##     ##       ## ##
     ##       #### ##     ## ######## ########  ##     ##  ######  ########

You're about to initialize a Firebase project in this directory:

  C:\Users\17813\Desktop\evangadi\phase-3\Netflix Clone\netflix

Before we get started, keep in mind:

  * You are initializing within an existing Firebase project directory

[info] 
=== Project Setup
[info] 
[info] First, let's associate this project directory with a Firebase project.
[info] You can create multiple project aliases by running firebase use --add, 
[info] but for now we'll just set up a default project.
[info] 
[debug] [2022-08-17T14:30:32.104Z] Using project from CLI flag: netflix-tr
[debug] [2022-08-17T14:30:32.106Z] >>> [apiv2][query] GET https://firebase.googleapis.com/v1beta1/projects/netflix-tr [none]
[debug] [2022-08-17T14:30:32.426Z] <<< [apiv2][status] GET https://firebase.googleapis.com/v1beta1/projects/netflix-tr 200
[debug] [2022-08-17T14:30:32.427Z] <<< [apiv2][body] GET https://firebase.googleapis.com/v1beta1/projects/netflix-tr {"projectId":"netflix-tr","projectNumber":"908581411305","displayName":"netflix-t","name":"projects/netflix-tr","resources":{"hostingSite":"netflix-tr"},"state":"ACTIVE","etag":"1_50e06719-a4ef-4268-98e4-22907e04d431"}
[info] i  Using project netflix-tr (netflix-t) 
[info] 
=== Hosting Setup
[info] 
[info] Your public directory is the folder (relative to your project directory) that
[info] will contain Hosting assets to be uploaded with firebase deploy. If you
[info] have a build process for your assets, use your build's output directory.
[info] 
[debug] [2022-08-17T14:30:42.335Z] >>> [apiv2][query] GET https://www.gstatic.com/firebasejs/releases.json [none]
[debug] [2022-08-17T14:30:42.470Z] <<< [apiv2][status] GET https://www.gstatic.com/firebasejs/releases.json 200
[debug] [2022-08-17T14:30:42.470Z] <<< [apiv2][body] GET https://www.gstatic.com/firebasejs/releases.json {"current":{"version":"9.9.2","browserURL":"https://www.gstatic.com/firebasejs/9.9.2/firebase.js","packageURL":"https://www.gstatic.com/firebasejs/9.9.2/firebase.tgz"},"live":{"version":"9.9","browserURL":"https://www.gstatic.com/firebasejs/live/9.9/firebase.js","packageURL":"https://www.gstatic.com/firebasejs/live/9.9/firebase.tgz"},"components":{"analytics":"https://www.gstatic.com/firebasejs/9.9.2/firebase-analytics.js","app":"https://www.gstatic.com/firebasejs/9.9.2/firebase-app.js","app-check":"https://www.gstatic.com/firebasejs/9.9.2/firebase-app-check.js","auth":"https://www.gstatic.com/firebasejs/9.9.2/firebase-auth.js","auth/cordova":"https://www.gstatic.com/firebasejs/9.9.2/firebase-auth/cordova.js","auth/react-native":"https://www.gstatic.com/firebasejs/9.9.2/firebase-auth/react-native.js","functions":"https://www.gstatic.com/firebasejs/9.9.2/firebase-functions.js","firestore":"https://www.gstatic.com/firebasejs/9.9.2/firebase-firestore.js","firestore/lite":"https://www.gstatic.com/firebasejs/9.9.2/firebase-firestore/lite.js","installations":"https://www.gstatic.com/firebasejs/9.9.2/firebase-installations.js","storage":"https://www.gstatic.com/firebasejs/9.9.2/firebase-storage.js","performance":"https://www.gstatic.com/firebasejs/9.9.2/firebase-performance.js","remote-config":"https://www.gstatic.com/firebasejs/9.9.2/firebase-remote-config.js","messaging":"https://www.gstatic.com/firebasejs/9.9.2/firebase-messaging.js","messaging/sw":"https://www.gstatic.com/firebasejs/9.9.2/firebase-messaging/sw.js","database":"https://www.gstatic.com/firebasejs/9.9.2/firebase-database.js","firestore.memory":"https://www.gstatic.com/firebasejs/9.9.2/firebase-firestore.memory.js"}}
